<?xml version="1.0" encoding="UTF-8"?>
<!-- Generated by org.testng.reporters.JUnitReportReporter -->
<testsuite hostname="DESKTOP-92RCTKU" name="MyProject.SeleniumTest" tests="2" failures="0" timestamp="25 May 2019 05:30:26 GMT" time="0.041" errors="0">
  <testcase name="BrowserAutomation" time="0.038" classname="MyProject.SeleniumTest"/>
  <testcase name="ElementUI" time="0.003" classname="MyProject.SeleniumTest"/>
</testsuite> <!-- MyProject.SeleniumTest -->
