<?xml version="1.0" encoding="UTF-8"?>
<!-- Generated by org.testng.reporters.JUnitReportReporter -->
<testsuite hostname="DESKTOP-92RCTKU" name="MyProject.SeleniumTest" tests="2" failures="0" timestamp="8 Sep 2019 18:39:57 GMT" time="0.016" errors="0">
  <testcase name="ElementUI" time="0.000" classname="MyProject.SeleniumTest"/>
  <testcase name="BrowserAutomation" time="0.016" classname="MyProject.SeleniumTest"/>
</testsuite> <!-- MyProject.SeleniumTest -->
