<?xml version="1.0" encoding="UTF-8"?>
<!-- Generated by org.testng.reporters.JUnitReportReporter -->
<testsuite hostname="DESKTOP-92RCTKU" name="MyProject.RESTAssuredTest" tests="2" failures="0" timestamp="8 Sep 2019 18:39:57 GMT" time="0.000" errors="0">
  <testcase name="GETPost" time="0.000" classname="MyProject.RESTAssuredTest"/>
  <testcase name="DELETEPost" time="0.000" classname="MyProject.RESTAssuredTest"/>
</testsuite> <!-- MyProject.RESTAssuredTest -->
